c:\cppdev\openglrenderer\openglrenderer\x64\debug\vc143.pdb
c:\cppdev\openglrenderer\openglrenderer\x64\debug\vc143.idb
c:\cppdev\openglrenderer\openglrenderer\x64\debug\vertexbuffer.obj
c:\cppdev\openglrenderer\openglrenderer\x64\debug\vertexarray.obj
c:\cppdev\openglrenderer\openglrenderer\x64\debug\stb_image.obj
c:\cppdev\openglrenderer\openglrenderer\x64\debug\imgui_widgets.obj
c:\cppdev\openglrenderer\openglrenderer\x64\debug\imgui_tables.obj
c:\cppdev\openglrenderer\openglrenderer\x64\debug\imgui_impl_opengl3.obj
c:\cppdev\openglrenderer\openglrenderer\x64\debug\imgui_impl_glfw.obj
c:\cppdev\openglrenderer\openglrenderer\x64\debug\imgui_draw.obj
c:\cppdev\openglrenderer\openglrenderer\x64\debug\imgui_demo.obj
c:\cppdev\openglrenderer\openglrenderer\x64\debug\imgui.obj
c:\cppdev\openglrenderer\openglrenderer\x64\debug\glm.obj
c:\cppdev\openglrenderer\openglrenderer\x64\debug\texture.obj
c:\cppdev\openglrenderer\openglrenderer\x64\debug\testtexture2d.obj
c:\cppdev\openglrenderer\openglrenderer\x64\debug\testsquare.obj
c:\cppdev\openglrenderer\openglrenderer\x64\debug\testclearcolor.obj
c:\cppdev\openglrenderer\openglrenderer\x64\debug\test.obj
c:\cppdev\openglrenderer\openglrenderer\x64\debug\shader.obj
c:\cppdev\openglrenderer\openglrenderer\x64\debug\renderer.obj
c:\cppdev\openglrenderer\openglrenderer\x64\debug\indexbuffer.obj
c:\cppdev\openglrenderer\openglrenderer\x64\debug\application.obj
c:\cppdev\openglrenderer\openglrenderer\x64\debug\glm.cppm.ifc
c:\cppdev\openglrenderer\openglrenderer\x64\debug\glm.cppm.ifc.d.json
c:\cppdev\openglrenderer\openglrenderer\x64\debug\glm.cppm.obj
c:\cppdev\openglrenderer\x64\debug\openglrenderer.exe
c:\cppdev\openglrenderer\x64\debug\openglrenderer.pdb
c:\cppdev\openglrenderer\openglrenderer\x64\debug\glm.cppm.module.json
c:\cppdev\openglrenderer\openglrenderer\x64\debug\openglrenderer.ilk
c:\cppdev\openglrenderer\openglrenderer\x64\debug\openglrenderer.tlog\cl.command.1.tlog
c:\cppdev\openglrenderer\openglrenderer\x64\debug\openglrenderer.tlog\cl.items.tlog
c:\cppdev\openglrenderer\openglrenderer\x64\debug\openglrenderer.tlog\cl.read.1.tlog
c:\cppdev\openglrenderer\openglrenderer\x64\debug\openglrenderer.tlog\cl.write.1.tlog
c:\cppdev\openglrenderer\openglrenderer\x64\debug\openglrenderer.tlog\link.command.1.tlog
c:\cppdev\openglrenderer\openglrenderer\x64\debug\openglrenderer.tlog\link.read.1.tlog
c:\cppdev\openglrenderer\openglrenderer\x64\debug\openglrenderer.tlog\link.secondary.1.tlog
c:\cppdev\openglrenderer\openglrenderer\x64\debug\openglrenderer.tlog\link.write.1.tlog
c:\cppdev\openglrenderer\openglrenderer\x64\debug\openglrenderer_md.tlog\cl.command.1.tlog
c:\cppdev\openglrenderer\openglrenderer\x64\debug\openglrenderer_md.tlog\microsoft.build.cpptasks.cl.read.1.tlog
c:\cppdev\openglrenderer\openglrenderer\x64\debug\openglrenderer_md.tlog\microsoft.build.cpptasks.cl.write.1.tlog
