  Scanning sources for module dependencies...
  glm.cppm
  Compiling...
  glm.cppm
  Application.cpp
  IndexBuffer.cpp
  Renderer.cpp
  Shader.cpp
  Test.cpp
  TestClearColor.cpp
  TestSquare.cpp
  TestTexture2D.cpp
  Texture.cpp
  glm.cpp
  imgui.cpp
  imgui_demo.cpp
  imgui_draw.cpp
  imgui_impl_glfw.cpp
  imgui_impl_opengl3.cpp
  imgui_tables.cpp
  imgui_widgets.cpp
  stb_image.cpp
  VertexArray.cpp
C:\cppdev\OpenGLrenderer\OpenGLrenderer\src\VertexArray.cpp(25,96): warning C4312: 'type cast': conversion from 'unsigned int' to 'const void *' of greater size
  VertexBuffer.cpp
  Generating Code...
glew32s.lib(glew.obj) : warning LNK4099: PDB '' was not found with 'glew32s.lib(glew.obj)' or at ''; linking object as if no debug info
LINK : warning LNK4098: defaultlib 'LIBCMT' conflicts with use of other libs; use /NODEFAULTLIB:library
LINK : warning LNK4098: defaultlib 'MSVCRT' conflicts with use of other libs; use /NODEFAULTLIB:library
  OpenGLrenderer.vcxproj -> C:\cppdev\OpenGLrenderer\x64\Debug\OpenGLrenderer.exe
  Adds res to build dir
  C:\cppdev\OpenGLrenderer\OpenGLrenderer\res\shaders\Basic.shader
  C:\cppdev\OpenGLrenderer\OpenGLrenderer\res\textures\testTexture.png
  2 File(s) copied
